Build started 2017-06-27 00:52:09.
     1>Project "C:\Users\Lukasz\Documents\Visual Studio 2013\Projects\Project62\Project62\Project62.vcxproj" on node 2 (Build target(s)).
     1>ClCompile:
         C:\Program Files\Microsoft Visual Studio 12.0\VC\bin\CL.exe /c /ZI /nologo /W3 /WX- /sdl /Od /Oy- /D _MBCS /Gm /EHsc /RTC1 /MDd /GS /fp:precise /Zc:wchar_t /Zc:forScope /Fo"Debug\\" /Fd"Debug\vc120.pdb" /Gd /TP /analyze- /errorReport:prompt draw.cpp
         draw.cpp
     1>c:\users\lukasz\documents\visual studio 2013\projects\project62\project62\draw.cpp(71): warning C4018: '<' : signed/unsigned mismatch
     1>c:\users\lukasz\documents\visual studio 2013\projects\project62\project62\draw.cpp(78): warning C4018: '<' : signed/unsigned mismatch
     1>c:\users\lukasz\documents\visual studio 2013\projects\project62\project62\draw.cpp(85): warning C4018: '<' : signed/unsigned mismatch
     1>c:\users\lukasz\documents\visual studio 2013\projects\project62\project62\draw.cpp(158): warning C4018: '<' : signed/unsigned mismatch
     1>c:\users\lukasz\documents\visual studio 2013\projects\project62\project62\draw.cpp(173): warning C4554: '&' : check operator precedence for possible error; use parentheses to clarify precedence
     1>c:\users\lukasz\documents\visual studio 2013\projects\project62\project62\draw.cpp(175): warning C4018: '<' : signed/unsigned mismatch
     1>c:\users\lukasz\documents\visual studio 2013\projects\project62\project62\draw.cpp(190): warning C4018: '<' : signed/unsigned mismatch
     1>c:\users\lukasz\documents\visual studio 2013\projects\project62\project62\draw.cpp(205): warning C4554: '&' : check operator precedence for possible error; use parentheses to clarify precedence
     1>c:\users\lukasz\documents\visual studio 2013\projects\project62\project62\draw.cpp(207): warning C4018: '<' : signed/unsigned mismatch
     1>c:\users\lukasz\documents\visual studio 2013\projects\project62\project62\draw.cpp(222): warning C4018: '<' : signed/unsigned mismatch
     1>c:\users\lukasz\documents\visual studio 2013\projects\project62\project62\draw.cpp(237): warning C4554: '&' : check operator precedence for possible error; use parentheses to clarify precedence
     1>c:\users\lukasz\documents\visual studio 2013\projects\project62\project62\draw.cpp(239): warning C4018: '<' : signed/unsigned mismatch
     1>c:\users\lukasz\documents\visual studio 2013\projects\project62\project62\draw.cpp(301): warning C4018: '<' : signed/unsigned mismatch
     1>c:\users\lukasz\documents\visual studio 2013\projects\project62\project62\draw.cpp(478): warning C4101: 'a' : unreferenced local variable
     1>c:\users\lukasz\documents\visual studio 2013\projects\project62\project62\draw.cpp(478): warning C4101: 'b' : unreferenced local variable
       Link:
         C:\Program Files\Microsoft Visual Studio 12.0\VC\bin\link.exe /ERRORREPORT:PROMPT /OUT:"C:\Users\Lukasz\Documents\Visual Studio 2013\Projects\Project62\Debug\Project62.exe" /INCREMENTAL /NOLOGO kernel32.lib user32.lib gdi32.lib winspool.lib comdlg32.lib advapi32.lib shell32.lib ole32.lib oleaut32.lib uuid.lib odbc32.lib odbccp32.lib /MANIFEST /MANIFESTUAC:"level='asInvoker' uiAccess='false'" /manifest:embed /DEBUG /PDB:"C:\Users\Lukasz\Documents\Visual Studio 2013\Projects\Project62\Debug\Project62.pdb" /TLBID:1 /DYNAMICBASE /NXCOMPAT /IMPLIB:"C:\Users\Lukasz\Documents\Visual Studio 2013\Projects\Project62\Debug\Project62.lib" /MACHINE:X86 Debug\draw.obj
         Debug\stdafx.obj
         Project62.vcxproj -> C:\Users\Lukasz\Documents\Visual Studio 2013\Projects\Project62\Debug\Project62.exe
     1>Done Building Project "C:\Users\Lukasz\Documents\Visual Studio 2013\Projects\Project62\Project62\Project62.vcxproj" (Build target(s)).

Build succeeded.

Time Elapsed 00:00:01.10
